<!DOCTYPE html PUBLIC "-//W3C//DTD XHTML 1.1//EN" "https://www.w3.org/TR/xhtml11/DTD/xhtml11.dtd">
<html xmlns="https://www.w3.org/1999/xhtml">
<head>
<meta http-equiv="content-type" content="text/html; charset=UTF-8"/>
<title>TestNG Report</title>
<style type="text/css">table {margin-bottom:10px;border-collapse:collapse;empty-cells:show}th,td {border:1px solid #009;padding:.25em .5em}th {vertical-align:bottom}td {vertical-align:top}table a {font-weight:bold}.stripe td {background-color: #E6EBF9}.num {text-align:right}.passedodd td {background-color: #3F3}.passedeven td {background-color: #0A0}.skippedodd td {background-color: #DDD}.skippedeven td {background-color: #CCC}.failedodd td,.attn {background-color: #F33}.failedeven td,.stripe .attn {background-color: #D00}.stacktrace {white-space:pre;font-family:monospace}.totop {font-size:85%;text-align:center;border-bottom:2px solid #000}.invisible {display:none}</style>
</head>
<body>
<table>
<tr><th>Test</th><th># Passed</th><th># Skipped</th><th># Retried</th><th># Failed</th><th>Time (ms)</th><th>Included Groups</th><th>Excluded Groups</th></tr>
<tr><th colspan="8">Suite</th></tr>
<tr><td><a href="#t0">Test</a></td><td class="num">24</td><td class="num attn">4</td><td class="num">0</td><td class="num attn">1</td><td class="num">128,510</td><td></td><td></td></tr>
</table>
<table id='summary'><thead><tr><th>Class</th><th>Method</th><th>Start</th><th>Time (ms)</th></tr></thead><tbody><tr><th colspan="4">Suite</th></tr></tbody><tbody id="t0"><tr><th colspan="4">Test &#8212; failed (configuration methods)</th></tr><tr class="failedeven"><td rowspan="1">com.testng.TestNGBasics</td><td><a href="#m0">setUp</a></td><td rowspan="1">1609953742013</td><td rowspan="1">37459</td></tr><tr><th colspan="4">Test &#8212; failed</th></tr><tr class="failedeven"><td rowspan="1">com.testng.AttributeAnnotation</td><td><a href="#m1">test4</a></td><td rowspan="1">1609953670129</td><td rowspan="1">2254</td></tr><tr><th colspan="4">Test &#8212; skipped (configuration methods)</th></tr><tr class="skippedeven"><td rowspan="8">com.testng.TestNGBasics</td><td><a href="#m2">afterClass</a></td><td rowspan="1">1609953779666</td><td rowspan="1">-1609953779666</td></tr><tr class="skippedeven"><td><a href="#m3">afterSuit</a></td><td rowspan="1">1609953780492</td><td rowspan="1">-1609953780492</td></tr><tr class="skippedeven"><td><a href="#m4">aftertest</a></td><td rowspan="1">1609953779681</td><td rowspan="1">-1609953779681</td></tr><tr class="skippedeven"><td><a href="#m5">closeBroswer</a></td><td rowspan="3">1609953779524</td><td rowspan="3">-1609953779524</td></tr><tr class="skippedeven"><td><a href="#m6">closeBroswer</a></td></tr><tr class="skippedeven"><td><a href="#m7">closeBroswer</a></td></tr><tr class="skippedeven"><td><a href="#m8">setUp</a></td><td rowspan="2">1609953779527</td><td rowspan="2">-1609953779527</td></tr><tr class="skippedeven"><td><a href="#m9">setUp</a></td></tr><tr><th colspan="4">Test &#8212; skipped</th></tr><tr class="skippedeven"><td rowspan="1">com.testng.AttributeAnnotation</td><td><a href="#m10">test5</a></td><td rowspan="1">1609953672392</td><td rowspan="1">4</td></tr><tr class="skippedodd"><td rowspan="3">com.testng.TestNGBasics</td><td><a href="#m11">testCase4</a></td><td rowspan="1">1609953779492</td><td rowspan="1">0</td></tr><tr class="skippedodd"><td><a href="#m12">testCase5</a></td><td rowspan="1">1609953779529</td><td rowspan="1">0</td></tr><tr class="skippedodd"><td><a href="#m13">testCase6</a></td><td rowspan="1">1609953779619</td><td rowspan="1">0</td></tr><tr><th colspan="4">Test &#8212; passed</th></tr><tr class="passedeven"><td rowspan="6">com.testng.AssertTest</td><td><a href="#m14">districtTest</a></td><td rowspan="1">1609953670003</td><td rowspan="1">12</td></tr><tr class="passedeven"><td><a href="#m15">stateTest</a></td><td rowspan="1">1609953670021</td><td rowspan="1">4</td></tr><tr class="passedeven"><td><a href="#m16">talukaTest</a></td><td rowspan="1">1609953670030</td><td rowspan="1">4</td></tr><tr class="passedeven"><td><a href="#m17">talukaTest1</a></td><td rowspan="1">1609953670047</td><td rowspan="1">7</td></tr><tr class="passedeven"><td><a href="#m18">testIndia</a></td><td rowspan="1">1609953670065</td><td rowspan="1">5</td></tr><tr class="passedeven"><td><a href="#m19">villageTest</a></td><td rowspan="1">1609953670075</td><td rowspan="1">16</td></tr><tr class="passedodd"><td rowspan="5">com.testng.AttributeAnnotation</td><td><a href="#m20">test1</a></td><td rowspan="1">1609953670097</td><td rowspan="1">4</td></tr><tr class="passedodd"><td><a href="#m21">test2</a></td><td rowspan="1">1609953670110</td><td rowspan="1">4</td></tr><tr class="passedodd"><td><a href="#m22">test3</a></td><td rowspan="1">1609953670119</td><td rowspan="1">4</td></tr><tr class="passedodd"><td><a href="#m23">test7</a></td><td rowspan="1">1609953672403</td><td rowspan="1">2</td></tr><tr class="passedodd"><td><a href="#m24">test8</a></td><td rowspan="1">1609953672408</td><td rowspan="1">2</td></tr><tr class="passedeven"><td rowspan="8">com.testng.DependsOnMethodAtrribute</td><td><a href="#m25">test1</a></td><td rowspan="1">1609953672414</td><td rowspan="1">2</td></tr><tr class="passedeven"><td><a href="#m26">test2</a></td><td rowspan="1">1609953672525</td><td rowspan="1">3</td></tr><tr class="passedeven"><td><a href="#m27">test3</a></td><td rowspan="1">1609953672530</td><td rowspan="1">2</td></tr><tr class="passedeven"><td><a href="#m28">test4</a></td><td rowspan="1">1609953672536</td><td rowspan="1">2</td></tr><tr class="passedeven"><td><a href="#m29">test5</a></td><td rowspan="1">1609953672555</td><td rowspan="1">3</td></tr><tr class="passedeven"><td><a href="#m30">test6</a></td><td rowspan="1">1609953672542</td><td rowspan="1">3</td></tr><tr class="passedeven"><td><a href="#m31">test7</a></td><td rowspan="1">1609953672548</td><td rowspan="1">2</td></tr><tr class="passedeven"><td><a href="#m32">test8</a></td><td rowspan="1">1609953672561</td><td rowspan="1">2</td></tr><tr class="passedodd"><td rowspan="2">com.testng.ParameterTest</td><td><a href="#m33">LaunchUrlTest</a></td><td rowspan="1">1609953651262</td><td rowspan="1">17741</td></tr><tr class="passedodd"><td><a href="#m34">LoginTest</a></td><td rowspan="1">1609953669022</td><td rowspan="1">974</td></tr><tr class="passedeven"><td rowspan="3">com.testng.TestNGBasics</td><td><a href="#m35">googleLogoTest</a></td><td rowspan="1">1609953735544</td><td rowspan="1">351</td></tr><tr class="passedeven"><td><a href="#m36">googleTitle</a></td><td rowspan="1">1609953689735</td><td rowspan="1">21</td></tr><tr class="passedeven"><td><a href="#m37">typeName</a></td><td rowspan="1">1609953707739</td><td rowspan="1">3818</td></tr></tbody>
</table>
<h2>Test</h2><h3 id="m0">com.testng.TestNGBasics#setUp</h3><table class="result"><tr><th>Exception</th></tr><tr><td><div class="stacktrace">org.openqa.selenium.TimeoutException: timeout: Timed out receiving message from renderer: 28.407
  (Session info: chrome=87.0.4280.88)
Build info: version: &apos;3.141.59&apos;, revision: &apos;e82be7d358&apos;, time: &apos;2018-11-14T08:25:48&apos;
System info: host: &apos;DESKTOP-25I7L6M&apos;, ip: &apos;192.168.43.239&apos;, os.name: &apos;Windows 10&apos;, os.arch: &apos;amd64&apos;, os.version: &apos;10.0&apos;, java.version: &apos;1.8.0_251&apos;
Driver info: org.openqa.selenium.chrome.ChromeDriver
Capabilities {acceptInsecureCerts: false, browserName: chrome, browserVersion: 87.0.4280.88, chrome: {chromedriverVersion: 87.0.4280.88 (89e2380a3e36c..., userDataDir: C:\WINDOWS\TEMP\scoped_dir1...}, goog:chromeOptions: {debuggerAddress: localhost:61337}, javascriptEnabled: true, networkConnectionEnabled: false, pageLoadStrategy: normal, platform: WINDOWS, platformName: WINDOWS, proxy: Proxy(), setWindowRect: true, strictFileInteractability: false, timeouts: {implicit: 0, pageLoad: 300000, script: 30000}, unhandledPromptBehavior: dismiss and notify, webauthn:virtualAuthenticators: true}
Session ID: f1f736a3085ebdf1463b3a01597e8e9c
	at org.openqa.selenium.remote.http.W3CHttpResponseCodec.createException(W3CHttpResponseCodec.java:187)
	at org.openqa.selenium.remote.http.W3CHttpResponseCodec.decode(W3CHttpResponseCodec.java:122)
	at org.openqa.selenium.remote.http.W3CHttpResponseCodec.decode(W3CHttpResponseCodec.java:49)
	at org.openqa.selenium.remote.HttpCommandExecutor.execute(HttpCommandExecutor.java:158)
	at org.openqa.selenium.remote.service.DriverCommandExecutor.execute(DriverCommandExecutor.java:83)
	at org.openqa.selenium.remote.RemoteWebDriver.execute(RemoteWebDriver.java:552)
	at org.openqa.selenium.remote.RemoteWebDriver.get(RemoteWebDriver.java:277)
	at com.testng.TestNGBasics.setUp(TestNGBasics.java:52)
	at java.util.ArrayList.forEach(Unknown Source)
... Removed 35 stack frames</div></td></tr></table><p class="totop"><a href="#summary">back to summary</a></p>
<h3 id="m1">com.testng.AttributeAnnotation#test4</h3><table class="result"><tr><th>Exception</th></tr><tr><td><div class="stacktrace">org.testng.internal.thread.ThreadTimeoutException: Method com.testng.AttributeAnnotation.test4() didn&apos;t finish within the time-out 2000
	at java.util.ArrayList.forEach(Unknown Source)
... Removed 24 stack frames</div></td></tr></table><p class="totop"><a href="#summary">back to summary</a></p>
<h3 id="m2">com.testng.TestNGBasics#afterClass</h3><table class="result"><tr><th class="invisible"/></tr></table><p class="totop"><a href="#summary">back to summary</a></p>
<h3 id="m3">com.testng.TestNGBasics#afterSuit</h3><table class="result"><tr><th class="invisible"/></tr></table><p class="totop"><a href="#summary">back to summary</a></p>
<h3 id="m4">com.testng.TestNGBasics#aftertest</h3><table class="result"><tr><th class="invisible"/></tr></table><p class="totop"><a href="#summary">back to summary</a></p>
<h3 id="m5">com.testng.TestNGBasics#closeBroswer</h3><table class="result"><tr><th class="invisible"/></tr></table><p class="totop"><a href="#summary">back to summary</a></p>
<h3 id="m6">com.testng.TestNGBasics#closeBroswer</h3><table class="result"><tr><th class="invisible"/></tr></table><p class="totop"><a href="#summary">back to summary</a></p>
<h3 id="m7">com.testng.TestNGBasics#closeBroswer</h3><table class="result"><tr><th class="invisible"/></tr></table><p class="totop"><a href="#summary">back to summary</a></p>
<h3 id="m8">com.testng.TestNGBasics#setUp</h3><table class="result"><tr><th class="invisible"/></tr></table><p class="totop"><a href="#summary">back to summary</a></p>
<h3 id="m9">com.testng.TestNGBasics#setUp</h3><table class="result"><tr><th class="invisible"/></tr></table><p class="totop"><a href="#summary">back to summary</a></p>
<h3 id="m10">com.testng.AttributeAnnotation#test5</h3><table class="result"><tr><th>Exception</th></tr><tr><td><div class="stacktrace">org.testng.SkipException: hi this test 5 is skipped
	at com.testng.AttributeAnnotation.test5(AttributeAnnotation.java:31)
	at java.util.ArrayList.forEach(Unknown Source)
... Removed 27 stack frames</div></td></tr></table><p class="totop"><a href="#summary">back to summary</a></p>
<h3 id="m11">com.testng.TestNGBasics#testCase4</h3><table class="result"><tr><th>Exception</th></tr><tr><td><div class="stacktrace">org.openqa.selenium.TimeoutException: timeout: Timed out receiving message from renderer: 28.407
  (Session info: chrome=87.0.4280.88)
Build info: version: &apos;3.141.59&apos;, revision: &apos;e82be7d358&apos;, time: &apos;2018-11-14T08:25:48&apos;
System info: host: &apos;DESKTOP-25I7L6M&apos;, ip: &apos;192.168.43.239&apos;, os.name: &apos;Windows 10&apos;, os.arch: &apos;amd64&apos;, os.version: &apos;10.0&apos;, java.version: &apos;1.8.0_251&apos;
Driver info: org.openqa.selenium.chrome.ChromeDriver
Capabilities {acceptInsecureCerts: false, browserName: chrome, browserVersion: 87.0.4280.88, chrome: {chromedriverVersion: 87.0.4280.88 (89e2380a3e36c..., userDataDir: C:\WINDOWS\TEMP\scoped_dir1...}, goog:chromeOptions: {debuggerAddress: localhost:61337}, javascriptEnabled: true, networkConnectionEnabled: false, pageLoadStrategy: normal, platform: WINDOWS, platformName: WINDOWS, proxy: Proxy(), setWindowRect: true, strictFileInteractability: false, timeouts: {implicit: 0, pageLoad: 300000, script: 30000}, unhandledPromptBehavior: dismiss and notify, webauthn:virtualAuthenticators: true}
Session ID: f1f736a3085ebdf1463b3a01597e8e9c
	at org.openqa.selenium.remote.http.W3CHttpResponseCodec.createException(W3CHttpResponseCodec.java:187)
	at org.openqa.selenium.remote.http.W3CHttpResponseCodec.decode(W3CHttpResponseCodec.java:122)
	at org.openqa.selenium.remote.http.W3CHttpResponseCodec.decode(W3CHttpResponseCodec.java:49)
	at org.openqa.selenium.remote.HttpCommandExecutor.execute(HttpCommandExecutor.java:158)
	at org.openqa.selenium.remote.service.DriverCommandExecutor.execute(DriverCommandExecutor.java:83)
	at org.openqa.selenium.remote.RemoteWebDriver.execute(RemoteWebDriver.java:552)
	at org.openqa.selenium.remote.RemoteWebDriver.get(RemoteWebDriver.java:277)
	at com.testng.TestNGBasics.setUp(TestNGBasics.java:52)
	at java.util.ArrayList.forEach(Unknown Source)
... Removed 35 stack frames</div></td></tr></table><p class="totop"><a href="#summary">back to summary</a></p>
<h3 id="m12">com.testng.TestNGBasics#testCase5</h3><table class="result"><tr><th>Exception</th></tr><tr><td><div class="stacktrace">org.openqa.selenium.TimeoutException: timeout: Timed out receiving message from renderer: 28.407
  (Session info: chrome=87.0.4280.88)
Build info: version: &apos;3.141.59&apos;, revision: &apos;e82be7d358&apos;, time: &apos;2018-11-14T08:25:48&apos;
System info: host: &apos;DESKTOP-25I7L6M&apos;, ip: &apos;192.168.43.239&apos;, os.name: &apos;Windows 10&apos;, os.arch: &apos;amd64&apos;, os.version: &apos;10.0&apos;, java.version: &apos;1.8.0_251&apos;
Driver info: org.openqa.selenium.chrome.ChromeDriver
Capabilities {acceptInsecureCerts: false, browserName: chrome, browserVersion: 87.0.4280.88, chrome: {chromedriverVersion: 87.0.4280.88 (89e2380a3e36c..., userDataDir: C:\WINDOWS\TEMP\scoped_dir1...}, goog:chromeOptions: {debuggerAddress: localhost:61337}, javascriptEnabled: true, networkConnectionEnabled: false, pageLoadStrategy: normal, platform: WINDOWS, platformName: WINDOWS, proxy: Proxy(), setWindowRect: true, strictFileInteractability: false, timeouts: {implicit: 0, pageLoad: 300000, script: 30000}, unhandledPromptBehavior: dismiss and notify, webauthn:virtualAuthenticators: true}
Session ID: f1f736a3085ebdf1463b3a01597e8e9c
	at org.openqa.selenium.remote.http.W3CHttpResponseCodec.createException(W3CHttpResponseCodec.java:187)
	at org.openqa.selenium.remote.http.W3CHttpResponseCodec.decode(W3CHttpResponseCodec.java:122)
	at org.openqa.selenium.remote.http.W3CHttpResponseCodec.decode(W3CHttpResponseCodec.java:49)
	at org.openqa.selenium.remote.HttpCommandExecutor.execute(HttpCommandExecutor.java:158)
	at org.openqa.selenium.remote.service.DriverCommandExecutor.execute(DriverCommandExecutor.java:83)
	at org.openqa.selenium.remote.RemoteWebDriver.execute(RemoteWebDriver.java:552)
	at org.openqa.selenium.remote.RemoteWebDriver.get(RemoteWebDriver.java:277)
	at com.testng.TestNGBasics.setUp(TestNGBasics.java:52)
	at java.util.ArrayList.forEach(Unknown Source)
... Removed 35 stack frames</div></td></tr></table><p class="totop"><a href="#summary">back to summary</a></p>
<h3 id="m13">com.testng.TestNGBasics#testCase6</h3><table class="result"><tr><th>Exception</th></tr><tr><td><div class="stacktrace">org.openqa.selenium.TimeoutException: timeout: Timed out receiving message from renderer: 28.407
  (Session info: chrome=87.0.4280.88)
Build info: version: &apos;3.141.59&apos;, revision: &apos;e82be7d358&apos;, time: &apos;2018-11-14T08:25:48&apos;
System info: host: &apos;DESKTOP-25I7L6M&apos;, ip: &apos;192.168.43.239&apos;, os.name: &apos;Windows 10&apos;, os.arch: &apos;amd64&apos;, os.version: &apos;10.0&apos;, java.version: &apos;1.8.0_251&apos;
Driver info: org.openqa.selenium.chrome.ChromeDriver
Capabilities {acceptInsecureCerts: false, browserName: chrome, browserVersion: 87.0.4280.88, chrome: {chromedriverVersion: 87.0.4280.88 (89e2380a3e36c..., userDataDir: C:\WINDOWS\TEMP\scoped_dir1...}, goog:chromeOptions: {debuggerAddress: localhost:61337}, javascriptEnabled: true, networkConnectionEnabled: false, pageLoadStrategy: normal, platform: WINDOWS, platformName: WINDOWS, proxy: Proxy(), setWindowRect: true, strictFileInteractability: false, timeouts: {implicit: 0, pageLoad: 300000, script: 30000}, unhandledPromptBehavior: dismiss and notify, webauthn:virtualAuthenticators: true}
Session ID: f1f736a3085ebdf1463b3a01597e8e9c
	at org.openqa.selenium.remote.http.W3CHttpResponseCodec.createException(W3CHttpResponseCodec.java:187)
	at org.openqa.selenium.remote.http.W3CHttpResponseCodec.decode(W3CHttpResponseCodec.java:122)
	at org.openqa.selenium.remote.http.W3CHttpResponseCodec.decode(W3CHttpResponseCodec.java:49)
	at org.openqa.selenium.remote.HttpCommandExecutor.execute(HttpCommandExecutor.java:158)
	at org.openqa.selenium.remote.service.DriverCommandExecutor.execute(DriverCommandExecutor.java:83)
	at org.openqa.selenium.remote.RemoteWebDriver.execute(RemoteWebDriver.java:552)
	at org.openqa.selenium.remote.RemoteWebDriver.get(RemoteWebDriver.java:277)
	at com.testng.TestNGBasics.setUp(TestNGBasics.java:52)
	at java.util.ArrayList.forEach(Unknown Source)
... Removed 35 stack frames</div></td></tr></table><p class="totop"><a href="#summary">back to summary</a></p>
<h3 id="m14">com.testng.AssertTest#districtTest</h3><table class="result"><tr><th class="invisible"/></tr></table><p class="totop"><a href="#summary">back to summary</a></p>
<h3 id="m15">com.testng.AssertTest#stateTest</h3><table class="result"><tr><th class="invisible"/></tr></table><p class="totop"><a href="#summary">back to summary</a></p>
<h3 id="m16">com.testng.AssertTest#talukaTest</h3><table class="result"><tr><th class="invisible"/></tr></table><p class="totop"><a href="#summary">back to summary</a></p>
<h3 id="m17">com.testng.AssertTest#talukaTest1</h3><table class="result"><tr><th class="invisible"/></tr></table><p class="totop"><a href="#summary">back to summary</a></p>
<h3 id="m18">com.testng.AssertTest#testIndia</h3><table class="result"><tr><th class="invisible"/></tr></table><p class="totop"><a href="#summary">back to summary</a></p>
<h3 id="m19">com.testng.AssertTest#villageTest</h3><table class="result"><tr><th class="invisible"/></tr></table><p class="totop"><a href="#summary">back to summary</a></p>
<h3 id="m20">com.testng.AttributeAnnotation#test1</h3><table class="result"><tr><th class="invisible"/></tr></table><p class="totop"><a href="#summary">back to summary</a></p>
<h3 id="m21">com.testng.AttributeAnnotation#test2</h3><table class="result"><tr><th class="invisible"/></tr></table><p class="totop"><a href="#summary">back to summary</a></p>
<h3 id="m22">com.testng.AttributeAnnotation#test3</h3><table class="result"><tr><th class="invisible"/></tr></table><p class="totop"><a href="#summary">back to summary</a></p>
<h3 id="m23">com.testng.AttributeAnnotation#test7</h3><table class="result"><tr><th class="invisible"/></tr></table><p class="totop"><a href="#summary">back to summary</a></p>
<h3 id="m24">com.testng.AttributeAnnotation#test8</h3><table class="result"><tr><th class="invisible"/></tr></table><p class="totop"><a href="#summary">back to summary</a></p>
<h3 id="m25">com.testng.DependsOnMethodAtrribute#test1</h3><table class="result"><tr><th class="invisible"/></tr></table><p class="totop"><a href="#summary">back to summary</a></p>
<h3 id="m26">com.testng.DependsOnMethodAtrribute#test2</h3><table class="result"><tr><th class="invisible"/></tr></table><p class="totop"><a href="#summary">back to summary</a></p>
<h3 id="m27">com.testng.DependsOnMethodAtrribute#test3</h3><table class="result"><tr><th class="invisible"/></tr></table><p class="totop"><a href="#summary">back to summary</a></p>
<h3 id="m28">com.testng.DependsOnMethodAtrribute#test4</h3><table class="result"><tr><th class="invisible"/></tr></table><p class="totop"><a href="#summary">back to summary</a></p>
<h3 id="m29">com.testng.DependsOnMethodAtrribute#test5</h3><table class="result"><tr><th class="invisible"/></tr></table><p class="totop"><a href="#summary">back to summary</a></p>
<h3 id="m30">com.testng.DependsOnMethodAtrribute#test6</h3><table class="result"><tr><th class="invisible"/></tr></table><p class="totop"><a href="#summary">back to summary</a></p>
<h3 id="m31">com.testng.DependsOnMethodAtrribute#test7</h3><table class="result"><tr><th class="invisible"/></tr></table><p class="totop"><a href="#summary">back to summary</a></p>
<h3 id="m32">com.testng.DependsOnMethodAtrribute#test8</h3><table class="result"><tr><th class="invisible"/></tr></table><p class="totop"><a href="#summary">back to summary</a></p>
<h3 id="m33">com.testng.ParameterTest#LaunchUrlTest</h3><table class="result"><tr class="param"><th>Parameter #1</th></tr><tr class="param stripe"><td>chrome</td></tr></table><p class="totop"><a href="#summary">back to summary</a></p>
<h3 id="m34">com.testng.ParameterTest#LoginTest</h3><table class="result"><tr class="param"><th>Parameter #1</th><th>Parameter #2</th></tr><tr class="param stripe"><td>priyesh@gmail.com</td><td>test123</td></tr></table><p class="totop"><a href="#summary">back to summary</a></p>
<h3 id="m35">com.testng.TestNGBasics#googleLogoTest</h3><table class="result"><tr><th class="invisible"/></tr></table><p class="totop"><a href="#summary">back to summary</a></p>
<h3 id="m36">com.testng.TestNGBasics#googleTitle</h3><table class="result"><tr><th class="invisible"/></tr></table><p class="totop"><a href="#summary">back to summary</a></p>
<h3 id="m37">com.testng.TestNGBasics#typeName</h3><table class="result"><tr><th class="invisible"/></tr></table><p class="totop"><a href="#summary">back to summary</a></p>
</body>
</html>
