<?xml version="1.0" encoding="UTF-8"?>
<!-- Generated by org.testng.reporters.JUnitXMLReporter -->
<testsuite hostname="DESKTOP-25I7L6M" ignored="1" name="Test" tests="29" failures="1" timestamp="2021-01-06T22:52:59 IST" time="128.51" errors="0">
  <testcase name="@BeforeMethod setUp" time="37.459" classname="com.testng.TestNGBasics">
    <failure type="org.openqa.selenium.TimeoutException" message="timeout: Timed out receiving message from renderer: 28.407
  (Session info: chrome=87.0.4280.88)
Build info: version: &amp;apos;3.141.59&amp;apos;, revision: &amp;apos;e82be7d358&amp;apos;, time: &amp;apos;2018-11-14T08:25:48&amp;apos;
System info: host: &amp;apos;DESKTOP-25I7L6M&amp;apos;, ip: &amp;apos;192.168.43.239&amp;apos;, os.name: &amp;apos;Windows 10&amp;apos;, os.arch: &amp;apos;amd64&amp;apos;, os.version: &amp;apos;10.0&amp;apos;, java.version: &amp;apos;1.8.0_251&amp;apos;
Driver info: org.openqa.selenium.chrome.ChromeDriver
Capabilities {acceptInsecureCerts: false, browserName: chrome, browserVersion: 87.0.4280.88, chrome: {chromedriverVersion: 87.0.4280.88 (89e2380a3e36c..., userDataDir: C:\WINDOWS\TEMP\scoped_dir1...}, goog:chromeOptions: {debuggerAddress: localhost:61337}, javascriptEnabled: true, networkConnectionEnabled: false, pageLoadStrategy: normal, platform: WINDOWS, platformName: WINDOWS, proxy: Proxy(), setWindowRect: true, strictFileInteractability: false, timeouts: {implicit: 0, pageLoad: 300000, script: 30000}, unhandledPromptBehavior: dismiss and notify, webauthn:virtualAuthenticators: true}
Session ID: f1f736a3085ebdf1463b3a01597e8e9c">
      <![CDATA[org.openqa.selenium.TimeoutException: timeout: Timed out receiving message from renderer: 28.407
  (Session info: chrome=87.0.4280.88)
Build info: version: '3.141.59', revision: 'e82be7d358', time: '2018-11-14T08:25:48'
System info: host: 'DESKTOP-25I7L6M', ip: '192.168.43.239', os.name: 'Windows 10', os.arch: 'amd64', os.version: '10.0', java.version: '1.8.0_251'
Driver info: org.openqa.selenium.chrome.ChromeDriver
Capabilities {acceptInsecureCerts: false, browserName: chrome, browserVersion: 87.0.4280.88, chrome: {chromedriverVersion: 87.0.4280.88 (89e2380a3e36c..., userDataDir: C:\WINDOWS\TEMP\scoped_dir1...}, goog:chromeOptions: {debuggerAddress: localhost:61337}, javascriptEnabled: true, networkConnectionEnabled: false, pageLoadStrategy: normal, platform: WINDOWS, platformName: WINDOWS, proxy: Proxy(), setWindowRect: true, strictFileInteractability: false, timeouts: {implicit: 0, pageLoad: 300000, script: 30000}, unhandledPromptBehavior: dismiss and notify, webauthn:virtualAuthenticators: true}
Session ID: f1f736a3085ebdf1463b3a01597e8e9c
at org.openqa.selenium.remote.http.W3CHttpResponseCodec.createException(W3CHttpResponseCodec.java:187)
at org.openqa.selenium.remote.http.W3CHttpResponseCodec.decode(W3CHttpResponseCodec.java:122)
at org.openqa.selenium.remote.http.W3CHttpResponseCodec.decode(W3CHttpResponseCodec.java:49)
at org.openqa.selenium.remote.HttpCommandExecutor.execute(HttpCommandExecutor.java:158)
at org.openqa.selenium.remote.service.DriverCommandExecutor.execute(DriverCommandExecutor.java:83)
at org.openqa.selenium.remote.RemoteWebDriver.execute(RemoteWebDriver.java:552)
at org.openqa.selenium.remote.RemoteWebDriver.get(RemoteWebDriver.java:277)
at com.testng.TestNGBasics.setUp(TestNGBasics.java:52)
at java.util.ArrayList.forEach(Unknown Source)
... Removed 35 stack frames]]>
    </failure>
  </testcase> <!-- @BeforeMethod setUp -->
  <testcase name="@AfterMethod closeBroswer" time="-1.609953779524E9" classname="com.testng.TestNGBasics">
    <skipped/>
  </testcase> <!-- @AfterMethod closeBroswer -->
  <testcase name="@BeforeMethod setUp" time="-1.609953779527E9" classname="com.testng.TestNGBasics">
    <skipped/>
  </testcase> <!-- @BeforeMethod setUp -->
  <testcase name="@AfterMethod closeBroswer" time="-1.609953779591E9" classname="com.testng.TestNGBasics">
    <skipped/>
  </testcase> <!-- @AfterMethod closeBroswer -->
  <testcase name="@BeforeMethod setUp" time="-1.609953779596E9" classname="com.testng.TestNGBasics">
    <skipped/>
  </testcase> <!-- @BeforeMethod setUp -->
  <testcase name="@AfterMethod closeBroswer" time="-1.609953779655E9" classname="com.testng.TestNGBasics">
    <skipped/>
  </testcase> <!-- @AfterMethod closeBroswer -->
  <testcase name="@AfterClass afterClass" time="-1.609953779666E9" classname="com.testng.TestNGBasics">
    <skipped/>
  </testcase> <!-- @AfterClass afterClass -->
  <testcase name="@AfterTest aftertest" time="-1.609953779681E9" classname="com.testng.TestNGBasics">
    <skipped/>
  </testcase> <!-- @AfterTest aftertest -->
  <testcase name="LaunchUrlTest" time="17.741" classname="com.testng.ParameterTest"/>
  <testcase name="LoginTest" time="0.974" classname="com.testng.ParameterTest"/>
  <testcase name="districtTest" time="0.012" classname="com.testng.AssertTest"/>
  <testcase name="stateTest" time="0.004" classname="com.testng.AssertTest"/>
  <testcase name="talukaTest" time="0.004" classname="com.testng.AssertTest"/>
  <testcase name="talukaTest1" time="0.007" classname="com.testng.AssertTest"/>
  <testcase name="testIndia" time="0.005" classname="com.testng.AssertTest"/>
  <testcase name="villageTest" time="0.016" classname="com.testng.AssertTest"/>
  <testcase name="test1" time="0.004" classname="com.testng.AttributeAnnotation"/>
  <testcase name="test2" time="0.004" classname="com.testng.AttributeAnnotation"/>
  <testcase name="test3" time="0.004" classname="com.testng.AttributeAnnotation"/>
  <testcase name="test4" time="2.254" classname="com.testng.AttributeAnnotation">
    <failure type="org.testng.internal.thread.ThreadTimeoutException" message="Method com.testng.AttributeAnnotation.test4() didn&amp;apos;t finish within the time-out 2000">
      <![CDATA[org.testng.internal.thread.ThreadTimeoutException: Method com.testng.AttributeAnnotation.test4() didn't finish within the time-out 2000
at java.util.ArrayList.forEach(Unknown Source)
... Removed 24 stack frames]]>
    </failure>
  </testcase> <!-- test4 -->
  <testcase name="test5" time="0.004" classname="com.testng.AttributeAnnotation">
    <skipped/>
  </testcase> <!-- test5 -->
  <testcase name="test7" time="0.002" classname="com.testng.AttributeAnnotation"/>
  <testcase name="test8" time="0.002" classname="com.testng.AttributeAnnotation"/>
  <testcase name="test1" time="0.002" classname="com.testng.DependsOnMethodAtrribute"/>
  <testcase name="test2" time="0.003" classname="com.testng.DependsOnMethodAtrribute"/>
  <testcase name="test3" time="0.002" classname="com.testng.DependsOnMethodAtrribute"/>
  <testcase name="test4" time="0.002" classname="com.testng.DependsOnMethodAtrribute"/>
  <testcase name="test6" time="0.003" classname="com.testng.DependsOnMethodAtrribute"/>
  <testcase name="test7" time="0.002" classname="com.testng.DependsOnMethodAtrribute"/>
  <testcase name="test5" time="0.003" classname="com.testng.DependsOnMethodAtrribute"/>
  <testcase name="test8" time="0.002" classname="com.testng.DependsOnMethodAtrribute"/>
  <testcase name="googleTitle" time="0.021" classname="com.testng.TestNGBasics"/>
  <testcase name="typeName" time="3.818" classname="com.testng.TestNGBasics"/>
  <testcase name="googleLogoTest" time="0.351" classname="com.testng.TestNGBasics"/>
  <testcase name="testCase4" time="0.0" classname="com.testng.TestNGBasics">
    <skipped/>
  </testcase> <!-- testCase4 -->
  <testcase name="testCase5" time="0.0" classname="com.testng.TestNGBasics">
    <skipped/>
  </testcase> <!-- testCase5 -->
  <testcase name="testCase6" time="0.0" classname="com.testng.TestNGBasics">
    <skipped/>
  </testcase> <!-- testCase6 -->
  <testcase name="test6" time="0.0" classname="com.testng.AttributeAnnotation">
    <ignored/>
  </testcase> <!-- test6 -->
</testsuite> <!-- Test -->
